<?xml version="1.0" encoding="UTF-8"?>
<!-- Generated by org.testng.reporters.JUnitReportReporter -->
<testsuite skipped="0" hostname="DESKTOP-33D7QM7" name="com.target.target.testNG_target" tests="4" failures="0" timestamp="08 Nov 2019 01:15:36 GMT" time="5.602" errors="0">
  <testcase name="f" time="0.711" classname="com.target.target.testNG_target"/>
  <testcase name="f" time="1.643" classname="com.target.target.testNG_target"/>
  <testcase name="f2" time="1.097" classname="com.target.target.testNG_target"/>
  <testcase name="f2" time="2.151" classname="com.target.target.testNG_target"/>
</testsuite> <!-- com.target.target.testNG_target -->
